<?xml version="1.0" encoding="UTF-8"?>
<!-- Generated by org.testng.reporters.JUnitXMLReporter -->
<testsuite ignored="0" hostname="mahmoud-Pc" failures="4" tests="30" name="Add TPA Entity" time="97.876" errors="0" timestamp="2020-02-03T16:19:49 EET">
  <testcase classname="automation.testBase" name="@AfterMethod screenShot" time="0.002">
    <failure type="org.openqa.selenium.NoSuchWindowException" message="no such window: target window already closed
from unknown error: web view not found
  (Session info: chrome=79.0.3945.130)
Build info: version: &amp;apos;3.141.59&amp;apos;, revision: &amp;apos;e82be7d358&amp;apos;, time: &amp;apos;2018-11-14T08:17:03&amp;apos;
System info: host: &amp;apos;mahmoud-Pc&amp;apos;, ip: &amp;apos;127.0.1.1&amp;apos;, os.name: &amp;apos;Linux&amp;apos;, os.arch: &amp;apos;amd64&amp;apos;, os.version: &amp;apos;5.3.0-29-generic&amp;apos;, java.version: &amp;apos;11.0.6&amp;apos;
Driver info: org.openqa.selenium.chrome.ChromeDriver
Capabilities {acceptInsecureCerts: false, browserName: chrome, browserVersion: 79.0.3945.130, chrome: {chromedriverVersion: 79.0.3945.36 (3582db32b3389..., userDataDir: /tmp/.com.google.Chrome.uwqpUR}, goog:chromeOptions: {debuggerAddress: localhost:41655}, javascriptEnabled: true, networkConnectionEnabled: false, pageLoadStrategy: normal, platform: LINUX, platformName: LINUX, proxy: Proxy(), setWindowRect: true, strictFileInteractability: false, timeouts: {implicit: 0, pageLoad: 300000, script: 30000}, unhandledPromptBehavior: dismiss and notify}
Session ID: fae6ff3f754ff6cdb20ad5e43839c367">
      <![CDATA[org.openqa.selenium.NoSuchWindowException: no such window: target window already closed
from unknown error: web view not found
  (Session info: chrome=79.0.3945.130)
Build info: version: '3.141.59', revision: 'e82be7d358', time: '2018-11-14T08:17:03'
System info: host: 'mahmoud-Pc', ip: '127.0.1.1', os.name: 'Linux', os.arch: 'amd64', os.version: '5.3.0-29-generic', java.version: '11.0.6'
Driver info: org.openqa.selenium.chrome.ChromeDriver
Capabilities {acceptInsecureCerts: false, browserName: chrome, browserVersion: 79.0.3945.130, chrome: {chromedriverVersion: 79.0.3945.36 (3582db32b3389..., userDataDir: /tmp/.com.google.Chrome.uwqpUR}, goog:chromeOptions: {debuggerAddress: localhost:41655}, javascriptEnabled: true, networkConnectionEnabled: false, pageLoadStrategy: normal, platform: LINUX, platformName: LINUX, proxy: Proxy(), setWindowRect: true, strictFileInteractability: false, timeouts: {implicit: 0, pageLoad: 300000, script: 30000}, unhandledPromptBehavior: dismiss and notify}
Session ID: fae6ff3f754ff6cdb20ad5e43839c367
at org.openqa.selenium.remote.http.W3CHttpResponseCodec.createException(W3CHttpResponseCodec.java:187)
at org.openqa.selenium.remote.http.W3CHttpResponseCodec.decode(W3CHttpResponseCodec.java:122)
at org.openqa.selenium.remote.http.W3CHttpResponseCodec.decode(W3CHttpResponseCodec.java:49)
at org.openqa.selenium.remote.HttpCommandExecutor.execute(HttpCommandExecutor.java:158)
at org.openqa.selenium.remote.service.DriverCommandExecutor.execute(DriverCommandExecutor.java:83)
at org.openqa.selenium.remote.RemoteWebDriver.execute(RemoteWebDriver.java:552)
at org.openqa.selenium.remote.RemoteWebDriver.execute(RemoteWebDriver.java:609)
at org.openqa.selenium.remote.RemoteWebDriver.getScreenshotAs(RemoteWebDriver.java:295)
at org.openqa.selenium.support.events.EventFiringWebDriver.lambda$new$1(EventFiringWebDriver.java:105)
at com.sun.proxy.$Proxy10.getScreenshotAs(Unknown Source)
at org.openqa.selenium.support.events.EventFiringWebDriver.getScreenshotAs(EventFiringWebDriver.java:302)
at automation.testBase.screenShot(testBase.java:103)
at java.base/java.util.ArrayList.forEach(ArrayList.java:1540)
... Removed 44 stack frames]]>
    </failure>
  </testcase> <!-- @AfterMethod screenShot -->
  <testcase classname="automation.testBase" name="@AfterMethod screenShot" time="-1.580739589721E9">
    <skipped/>
  </testcase> <!-- @AfterMethod screenShot -->
  <testcase classname="automation.testBase" name="@AfterMethod screenShot" time="-1.580739589722E9">
    <skipped/>
  </testcase> <!-- @AfterMethod screenShot -->
  <testcase classname="automation.testBase" name="@AfterMethod screenShot" time="-1.580739589722E9">
    <skipped/>
  </testcase> <!-- @AfterMethod screenShot -->
  <testcase classname="automation.testBase" name="@AfterMethod screenShot" time="-1.580739589723E9">
    <skipped/>
  </testcase> <!-- @AfterMethod screenShot -->
  <testcase classname="automation.testBase" name="@AfterMethod screenShot" time="-1.580739589724E9">
    <skipped/>
  </testcase> <!-- @AfterMethod screenShot -->
  <testcase classname="automation.testBase" name="@AfterMethod screenShot" time="-1.580739589724E9">
    <skipped/>
  </testcase> <!-- @AfterMethod screenShot -->
  <testcase classname="automation.testBase" name="@AfterMethod screenShot" time="-1.580739589725E9">
    <skipped/>
  </testcase> <!-- @AfterMethod screenShot -->
  <testcase classname="automation.testBase" name="@AfterMethod screenShot" time="-1.580739589726E9">
    <skipped/>
  </testcase> <!-- @AfterMethod screenShot -->
  <testcase classname="automation.testBase" name="@AfterMethod screenShot" time="-1.580739589727E9">
    <skipped/>
  </testcase> <!-- @AfterMethod screenShot -->
  <testcase classname="automation.testBase" name="@AfterMethod screenShot" time="-1.580739589727E9">
    <skipped/>
  </testcase> <!-- @AfterMethod screenShot -->
  <testcase classname="automation.testBase" name="@AfterMethod screenShot" time="-1.580739589728E9">
    <skipped/>
  </testcase> <!-- @AfterMethod screenShot -->
  <testcase classname="automation.testBase" name="@AfterMethod screenShot" time="-1.580739589729E9">
    <skipped/>
  </testcase> <!-- @AfterMethod screenShot -->
  <testcase classname="automation.testBase" name="@AfterMethod screenShot" time="-1.580739589729E9">
    <skipped/>
  </testcase> <!-- @AfterMethod screenShot -->
  <testcase classname="automation.testBase" name="@AfterMethod screenShot" time="-1.58073958973E9">
    <skipped/>
  </testcase> <!-- @AfterMethod screenShot -->
  <testcase classname="automation.testBase" name="@AfterMethod screenShot" time="-1.58073958973E9">
    <skipped/>
  </testcase> <!-- @AfterMethod screenShot -->
  <testcase classname="automation.testBase" name="@AfterMethod screenShot" time="-1.580739589731E9">
    <skipped/>
  </testcase> <!-- @AfterMethod screenShot -->
  <testcase classname="automation.testBase" name="@AfterMethod screenShot" time="-1.580739589731E9">
    <skipped/>
  </testcase> <!-- @AfterMethod screenShot -->
  <testcase classname="automation.testBase" name="@AfterMethod screenShot" time="-1.580739589732E9">
    <skipped/>
  </testcase> <!-- @AfterMethod screenShot -->
  <testcase classname="automation.testBase" name="@AfterMethod screenShot" time="-1.580739589733E9">
    <skipped/>
  </testcase> <!-- @AfterMethod screenShot -->
  <testcase classname="automation.testBase" name="@AfterMethod screenShot" time="-1.580739589733E9">
    <skipped/>
  </testcase> <!-- @AfterMethod screenShot -->
  <testcase classname="automation.testBase" name="@AfterMethod screenShot" time="-1.580739589734E9">
    <skipped/>
  </testcase> <!-- @AfterMethod screenShot -->
  <testcase classname="automation.testBase" name="@AfterMethod screenShot" time="-1.580739589734E9">
    <skipped/>
  </testcase> <!-- @AfterMethod screenShot -->
  <testcase classname="automation.testBase" name="@AfterMethod screenShot" time="-1.580739589734E9">
    <skipped/>
  </testcase> <!-- @AfterMethod screenShot -->
  <testcase classname="automation.Entities.TPAEntity" name="tpa" time="0.612">
    <failure type="org.openqa.selenium.NoSuchElementException" message="no such element: Unable to locate element: {&amp;quot;method&amp;quot;:&amp;quot;xpath&amp;quot;,&amp;quot;selector&amp;quot;:&amp;quot;//a[@href=&amp;apos;/entities&amp;apos;]&amp;quot;}
  (Session info: chrome=79.0.3945.130)
For documentation on this error, please visit: https://www.seleniumhq.org/exceptions/no_such_element.html
Build info: version: &amp;apos;3.141.59&amp;apos;, revision: &amp;apos;e82be7d358&amp;apos;, time: &amp;apos;2018-11-14T08:17:03&amp;apos;
System info: host: &amp;apos;mahmoud-Pc&amp;apos;, ip: &amp;apos;127.0.1.1&amp;apos;, os.name: &amp;apos;Linux&amp;apos;, os.arch: &amp;apos;amd64&amp;apos;, os.version: &amp;apos;5.3.0-29-generic&amp;apos;, java.version: &amp;apos;11.0.6&amp;apos;
Driver info: org.openqa.selenium.chrome.ChromeDriver
Capabilities {acceptInsecureCerts: false, browserName: chrome, browserVersion: 79.0.3945.130, chrome: {chromedriverVersion: 79.0.3945.36 (3582db32b3389..., userDataDir: /tmp/.com.google.Chrome.uwqpUR}, goog:chromeOptions: {debuggerAddress: localhost:41655}, javascriptEnabled: true, networkConnectionEnabled: false, pageLoadStrategy: normal, platform: LINUX, platformName: LINUX, proxy: Proxy(), setWindowRect: true, strictFileInteractability: false, timeouts: {implicit: 0, pageLoad: 300000, script: 30000}, unhandledPromptBehavior: dismiss and notify}
Session ID: fae6ff3f754ff6cdb20ad5e43839c367
*** Element info: {Using=xpath, value=//a[@href=&amp;apos;/entities&amp;apos;]}">
      <![CDATA[org.openqa.selenium.NoSuchElementException: no such element: Unable to locate element: {"method":"xpath","selector":"//a[@href='/entities']"}
  (Session info: chrome=79.0.3945.130)
For documentation on this error, please visit: https://www.seleniumhq.org/exceptions/no_such_element.html
Build info: version: '3.141.59', revision: 'e82be7d358', time: '2018-11-14T08:17:03'
System info: host: 'mahmoud-Pc', ip: '127.0.1.1', os.name: 'Linux', os.arch: 'amd64', os.version: '5.3.0-29-generic', java.version: '11.0.6'
Driver info: org.openqa.selenium.chrome.ChromeDriver
Capabilities {acceptInsecureCerts: false, browserName: chrome, browserVersion: 79.0.3945.130, chrome: {chromedriverVersion: 79.0.3945.36 (3582db32b3389..., userDataDir: /tmp/.com.google.Chrome.uwqpUR}, goog:chromeOptions: {debuggerAddress: localhost:41655}, javascriptEnabled: true, networkConnectionEnabled: false, pageLoadStrategy: normal, platform: LINUX, platformName: LINUX, proxy: Proxy(), setWindowRect: true, strictFileInteractability: false, timeouts: {implicit: 0, pageLoad: 300000, script: 30000}, unhandledPromptBehavior: dismiss and notify}
Session ID: fae6ff3f754ff6cdb20ad5e43839c367
*** Element info: {Using=xpath, value=//a[@href='/entities']}
at org.openqa.selenium.remote.http.W3CHttpResponseCodec.createException(W3CHttpResponseCodec.java:187)
at org.openqa.selenium.remote.http.W3CHttpResponseCodec.decode(W3CHttpResponseCodec.java:122)
at org.openqa.selenium.remote.http.W3CHttpResponseCodec.decode(W3CHttpResponseCodec.java:49)
at org.openqa.selenium.remote.HttpCommandExecutor.execute(HttpCommandExecutor.java:158)
at org.openqa.selenium.remote.service.DriverCommandExecutor.execute(DriverCommandExecutor.java:83)
at org.openqa.selenium.remote.RemoteWebDriver.execute(RemoteWebDriver.java:552)
at org.openqa.selenium.remote.RemoteWebDriver.findElement(RemoteWebDriver.java:323)
at org.openqa.selenium.remote.RemoteWebDriver.findElementByXPath(RemoteWebDriver.java:428)
at org.openqa.selenium.By$ByXPath.findElement(By.java:353)
at org.openqa.selenium.remote.RemoteWebDriver.findElement(RemoteWebDriver.java:315)
at org.openqa.selenium.support.events.EventFiringWebDriver.lambda$new$1(EventFiringWebDriver.java:105)
at com.sun.proxy.$Proxy10.findElement(Unknown Source)
at org.openqa.selenium.support.events.EventFiringWebDriver.findElement(EventFiringWebDriver.java:194)
at org.openqa.selenium.support.pagefactory.DefaultElementLocator.findElement(DefaultElementLocator.java:69)
at org.openqa.selenium.support.pagefactory.internal.LocatingElementHandler.invoke(LocatingElementHandler.java:38)
at com.sun.proxy.$Proxy16.click(Unknown Source)
at automation.pageBase.click(pageBase.java:33)
at automation.Entities.addTPAEntity.mainFormTPA(addTPAEntity.java:80)
at automation.Entities.TPAEntity.tpa(TPAEntity.java:35)
at java.base/java.util.ArrayList.forEach(ArrayList.java:1540)
... Removed 39 stack frames]]>
    </failure>
  </testcase> <!-- tpa -->
  <testcase classname="automation.Entities.TPAEntity" name="tpa" time="0.02">
    <failure type="org.openqa.selenium.NoSuchElementException" message="no such element: Unable to locate element: {&amp;quot;method&amp;quot;:&amp;quot;xpath&amp;quot;,&amp;quot;selector&amp;quot;:&amp;quot;//a[@href=&amp;apos;/entities&amp;apos;]&amp;quot;}
  (Session info: chrome=79.0.3945.130)
For documentation on this error, please visit: https://www.seleniumhq.org/exceptions/no_such_element.html
Build info: version: &amp;apos;3.141.59&amp;apos;, revision: &amp;apos;e82be7d358&amp;apos;, time: &amp;apos;2018-11-14T08:17:03&amp;apos;
System info: host: &amp;apos;mahmoud-Pc&amp;apos;, ip: &amp;apos;127.0.1.1&amp;apos;, os.name: &amp;apos;Linux&amp;apos;, os.arch: &amp;apos;amd64&amp;apos;, os.version: &amp;apos;5.3.0-29-generic&amp;apos;, java.version: &amp;apos;11.0.6&amp;apos;
Driver info: org.openqa.selenium.chrome.ChromeDriver
Capabilities {acceptInsecureCerts: false, browserName: chrome, browserVersion: 79.0.3945.130, chrome: {chromedriverVersion: 79.0.3945.36 (3582db32b3389..., userDataDir: /tmp/.com.google.Chrome.uwqpUR}, goog:chromeOptions: {debuggerAddress: localhost:41655}, javascriptEnabled: true, networkConnectionEnabled: false, pageLoadStrategy: normal, platform: LINUX, platformName: LINUX, proxy: Proxy(), setWindowRect: true, strictFileInteractability: false, timeouts: {implicit: 0, pageLoad: 300000, script: 30000}, unhandledPromptBehavior: dismiss and notify}
Session ID: fae6ff3f754ff6cdb20ad5e43839c367
*** Element info: {Using=xpath, value=//a[@href=&amp;apos;/entities&amp;apos;]}">
      <![CDATA[org.openqa.selenium.NoSuchElementException: no such element: Unable to locate element: {"method":"xpath","selector":"//a[@href='/entities']"}
  (Session info: chrome=79.0.3945.130)
For documentation on this error, please visit: https://www.seleniumhq.org/exceptions/no_such_element.html
Build info: version: '3.141.59', revision: 'e82be7d358', time: '2018-11-14T08:17:03'
System info: host: 'mahmoud-Pc', ip: '127.0.1.1', os.name: 'Linux', os.arch: 'amd64', os.version: '5.3.0-29-generic', java.version: '11.0.6'
Driver info: org.openqa.selenium.chrome.ChromeDriver
Capabilities {acceptInsecureCerts: false, browserName: chrome, browserVersion: 79.0.3945.130, chrome: {chromedriverVersion: 79.0.3945.36 (3582db32b3389..., userDataDir: /tmp/.com.google.Chrome.uwqpUR}, goog:chromeOptions: {debuggerAddress: localhost:41655}, javascriptEnabled: true, networkConnectionEnabled: false, pageLoadStrategy: normal, platform: LINUX, platformName: LINUX, proxy: Proxy(), setWindowRect: true, strictFileInteractability: false, timeouts: {implicit: 0, pageLoad: 300000, script: 30000}, unhandledPromptBehavior: dismiss and notify}
Session ID: fae6ff3f754ff6cdb20ad5e43839c367
*** Element info: {Using=xpath, value=//a[@href='/entities']}
at org.openqa.selenium.remote.http.W3CHttpResponseCodec.createException(W3CHttpResponseCodec.java:187)
at org.openqa.selenium.remote.http.W3CHttpResponseCodec.decode(W3CHttpResponseCodec.java:122)
at org.openqa.selenium.remote.http.W3CHttpResponseCodec.decode(W3CHttpResponseCodec.java:49)
at org.openqa.selenium.remote.HttpCommandExecutor.execute(HttpCommandExecutor.java:158)
at org.openqa.selenium.remote.service.DriverCommandExecutor.execute(DriverCommandExecutor.java:83)
at org.openqa.selenium.remote.RemoteWebDriver.execute(RemoteWebDriver.java:552)
at org.openqa.selenium.remote.RemoteWebDriver.findElement(RemoteWebDriver.java:323)
at org.openqa.selenium.remote.RemoteWebDriver.findElementByXPath(RemoteWebDriver.java:428)
at org.openqa.selenium.By$ByXPath.findElement(By.java:353)
at org.openqa.selenium.remote.RemoteWebDriver.findElement(RemoteWebDriver.java:315)
at org.openqa.selenium.support.events.EventFiringWebDriver.lambda$new$1(EventFiringWebDriver.java:105)
at com.sun.proxy.$Proxy10.findElement(Unknown Source)
at org.openqa.selenium.support.events.EventFiringWebDriver.findElement(EventFiringWebDriver.java:194)
at org.openqa.selenium.support.pagefactory.DefaultElementLocator.findElement(DefaultElementLocator.java:69)
at org.openqa.selenium.support.pagefactory.internal.LocatingElementHandler.invoke(LocatingElementHandler.java:38)
at com.sun.proxy.$Proxy16.click(Unknown Source)
at automation.pageBase.click(pageBase.java:33)
at automation.Entities.addTPAEntity.mainFormTPA(addTPAEntity.java:80)
at automation.Entities.TPAEntity.tpa(TPAEntity.java:35)
at java.base/java.util.ArrayList.forEach(ArrayList.java:1540)
... Removed 39 stack frames]]>
    </failure>
  </testcase> <!-- tpa -->
  <testcase classname="automation.Entities.TPAEntity" name="tpa" time="15.668">
    <failure type="org.openqa.selenium.NoSuchElementException" message="no such element: Unable to locate element: {&amp;quot;method&amp;quot;:&amp;quot;xpath&amp;quot;,&amp;quot;selector&amp;quot;:&amp;quot;//*[contains(text(), &amp;apos;Oklahoma&amp;apos;)]&amp;quot;}
  (Session info: chrome=79.0.3945.130)
For documentation on this error, please visit: https://www.seleniumhq.org/exceptions/no_such_element.html
Build info: version: &amp;apos;3.141.59&amp;apos;, revision: &amp;apos;e82be7d358&amp;apos;, time: &amp;apos;2018-11-14T08:17:03&amp;apos;
System info: host: &amp;apos;mahmoud-Pc&amp;apos;, ip: &amp;apos;127.0.1.1&amp;apos;, os.name: &amp;apos;Linux&amp;apos;, os.arch: &amp;apos;amd64&amp;apos;, os.version: &amp;apos;5.3.0-29-generic&amp;apos;, java.version: &amp;apos;11.0.6&amp;apos;
Driver info: org.openqa.selenium.chrome.ChromeDriver
Capabilities {acceptInsecureCerts: false, browserName: chrome, browserVersion: 79.0.3945.130, chrome: {chromedriverVersion: 79.0.3945.36 (3582db32b3389..., userDataDir: /tmp/.com.google.Chrome.uwqpUR}, goog:chromeOptions: {debuggerAddress: localhost:41655}, javascriptEnabled: true, networkConnectionEnabled: false, pageLoadStrategy: normal, platform: LINUX, platformName: LINUX, proxy: Proxy(), setWindowRect: true, strictFileInteractability: false, timeouts: {implicit: 0, pageLoad: 300000, script: 30000}, unhandledPromptBehavior: dismiss and notify}
Session ID: fae6ff3f754ff6cdb20ad5e43839c367
*** Element info: {Using=xpath, value=//*[contains(text(), &amp;apos;Oklahoma&amp;apos;)]}">
      <![CDATA[org.openqa.selenium.NoSuchElementException: no such element: Unable to locate element: {"method":"xpath","selector":"//*[contains(text(), 'Oklahoma')]"}
  (Session info: chrome=79.0.3945.130)
For documentation on this error, please visit: https://www.seleniumhq.org/exceptions/no_such_element.html
Build info: version: '3.141.59', revision: 'e82be7d358', time: '2018-11-14T08:17:03'
System info: host: 'mahmoud-Pc', ip: '127.0.1.1', os.name: 'Linux', os.arch: 'amd64', os.version: '5.3.0-29-generic', java.version: '11.0.6'
Driver info: org.openqa.selenium.chrome.ChromeDriver
Capabilities {acceptInsecureCerts: false, browserName: chrome, browserVersion: 79.0.3945.130, chrome: {chromedriverVersion: 79.0.3945.36 (3582db32b3389..., userDataDir: /tmp/.com.google.Chrome.uwqpUR}, goog:chromeOptions: {debuggerAddress: localhost:41655}, javascriptEnabled: true, networkConnectionEnabled: false, pageLoadStrategy: normal, platform: LINUX, platformName: LINUX, proxy: Proxy(), setWindowRect: true, strictFileInteractability: false, timeouts: {implicit: 0, pageLoad: 300000, script: 30000}, unhandledPromptBehavior: dismiss and notify}
Session ID: fae6ff3f754ff6cdb20ad5e43839c367
*** Element info: {Using=xpath, value=//*[contains(text(), 'Oklahoma')]}
at org.openqa.selenium.remote.http.W3CHttpResponseCodec.createException(W3CHttpResponseCodec.java:187)
at org.openqa.selenium.remote.http.W3CHttpResponseCodec.decode(W3CHttpResponseCodec.java:122)
at org.openqa.selenium.remote.http.W3CHttpResponseCodec.decode(W3CHttpResponseCodec.java:49)
at org.openqa.selenium.remote.HttpCommandExecutor.execute(HttpCommandExecutor.java:158)
at org.openqa.selenium.remote.service.DriverCommandExecutor.execute(DriverCommandExecutor.java:83)
at org.openqa.selenium.remote.RemoteWebDriver.execute(RemoteWebDriver.java:552)
at org.openqa.selenium.remote.RemoteWebDriver.findElement(RemoteWebDriver.java:323)
at org.openqa.selenium.remote.RemoteWebDriver.findElementByXPath(RemoteWebDriver.java:428)
at org.openqa.selenium.By$ByXPath.findElement(By.java:353)
at org.openqa.selenium.remote.RemoteWebDriver.findElement(RemoteWebDriver.java:315)
at org.openqa.selenium.support.events.EventFiringWebDriver.lambda$new$1(EventFiringWebDriver.java:105)
at com.sun.proxy.$Proxy10.findElement(Unknown Source)
at org.openqa.selenium.support.events.EventFiringWebDriver.findElement(EventFiringWebDriver.java:194)
at org.openqa.selenium.support.pagefactory.DefaultElementLocator.findElement(DefaultElementLocator.java:69)
at org.openqa.selenium.support.pagefactory.internal.LocatingElementHandler.invoke(LocatingElementHandler.java:38)
at com.sun.proxy.$Proxy16.getWrappedElement(Unknown Source)
at org.openqa.selenium.remote.internal.WebElementToJsonConverter.apply(WebElementToJsonConverter.java:50)
at java.base/java.util.stream.ReferencePipeline$3$1.accept(ReferencePipeline.java:195)
at java.base/java.util.Spliterators$ArraySpliterator.forEachRemaining(Spliterators.java:948)
at java.base/java.util.stream.AbstractPipeline.copyInto(AbstractPipeline.java:484)
at java.base/java.util.stream.AbstractPipeline.wrapAndCopyInto(AbstractPipeline.java:474)
at java.base/java.util.stream.ReduceOps$ReduceOp.evaluateSequential(ReduceOps.java:913)
at java.base/java.util.stream.AbstractPipeline.evaluate(AbstractPipeline.java:234)
at java.base/java.util.stream.ReferencePipeline.collect(ReferencePipeline.java:578)
at org.openqa.selenium.remote.RemoteWebDriver.executeScript(RemoteWebDriver.java:484)
at org.openqa.selenium.support.events.EventFiringWebDriver.lambda$new$1(EventFiringWebDriver.java:105)
at com.sun.proxy.$Proxy10.executeScript(Unknown Source)
at org.openqa.selenium.support.events.EventFiringWebDriver.executeScript(EventFiringWebDriver.java:229)
at automation.Entities.addTPAEntity.location(addTPAEntity.java:219)
at automation.Entities.TPAEntity.tpa(TPAEntity.java:37)
at java.base/java.util.ArrayList.forEach(ArrayList.java:1540)
... Removed 42 stack frames]]>
    </failure>
  </testcase> <!-- tpa -->
  <testcase classname="automation.Entities.TPAEntity" name="tpa" time="16.059"/>
  <testcase classname="automation.Entities.TPAEntity" name="tpa" time="16.833"/>
  <testcase classname="automation.Entities.TPAEntity" name="tpa" time="35.547"/>
  <testcase classname="automation.Entities.TPAEntity" name="tpa" time="11.272">
    <failure type="java.lang.NullPointerException">
      <![CDATA[java.lang.NullPointerException
at org.openqa.selenium.remote.RemoteWebElement.isDisplayed(RemoteWebElement.java:329)
at org.openqa.selenium.support.events.EventFiringWebDriver$EventFiringWebElement.lambda$new$0(EventFiringWebDriver.java:404)
at com.sun.proxy.$Proxy11.isDisplayed(Unknown Source)
at org.openqa.selenium.support.events.EventFiringWebDriver$EventFiringWebElement.isDisplayed(EventFiringWebDriver.java:470)
at org.openqa.selenium.support.pagefactory.internal.LocatingElementHandler.invoke(LocatingElementHandler.java:51)
at com.sun.proxy.$Proxy16.isDisplayed(Unknown Source)
at org.openqa.selenium.support.ui.ExpectedConditions$9.apply(ExpectedConditions.java:274)
at org.openqa.selenium.support.ui.ExpectedConditions$9.apply(ExpectedConditions.java:270)
at org.openqa.selenium.support.ui.FluentWait.until(FluentWait.java:249)
at automation.Entities.addTPAEntity.tpa(addTPAEntity.java:167)
at automation.Entities.TPAEntity.tpa(TPAEntity.java:36)
at java.base/java.util.ArrayList.forEach(ArrayList.java:1540)
... Removed 37 stack frames]]>
    </failure>
  </testcase> <!-- tpa -->
  <testcase classname="automation.Entities.TPAEntity" name="tpa" time="0.0">
    <skipped/>
  </testcase> <!-- tpa -->
  <testcase classname="automation.Entities.TPAEntity" name="tpa" time="0.0">
    <skipped/>
  </testcase> <!-- tpa -->
  <testcase classname="automation.Entities.TPAEntity" name="tpa" time="0.0">
    <skipped/>
  </testcase> <!-- tpa -->
  <testcase classname="automation.Entities.TPAEntity" name="tpa" time="0.0">
    <skipped/>
  </testcase> <!-- tpa -->
  <testcase classname="automation.Entities.TPAEntity" name="tpa" time="0.0">
    <skipped/>
  </testcase> <!-- tpa -->
  <testcase classname="automation.Entities.TPAEntity" name="tpa" time="0.0">
    <skipped/>
  </testcase> <!-- tpa -->
  <testcase classname="automation.Entities.TPAEntity" name="tpa" time="0.0">
    <skipped/>
  </testcase> <!-- tpa -->
  <testcase classname="automation.Entities.TPAEntity" name="tpa" time="0.0">
    <skipped/>
  </testcase> <!-- tpa -->
  <testcase classname="automation.Entities.TPAEntity" name="tpa" time="0.0">
    <skipped/>
  </testcase> <!-- tpa -->
  <testcase classname="automation.Entities.TPAEntity" name="tpa" time="0.0">
    <skipped/>
  </testcase> <!-- tpa -->
  <testcase classname="automation.Entities.TPAEntity" name="tpa" time="0.0">
    <skipped/>
  </testcase> <!-- tpa -->
  <testcase classname="automation.Entities.TPAEntity" name="tpa" time="0.0">
    <skipped/>
  </testcase> <!-- tpa -->
  <testcase classname="automation.Entities.TPAEntity" name="tpa" time="0.0">
    <skipped/>
  </testcase> <!-- tpa -->
  <testcase classname="automation.Entities.TPAEntity" name="tpa" time="0.0">
    <skipped/>
  </testcase> <!-- tpa -->
  <testcase classname="automation.Entities.TPAEntity" name="tpa" time="0.0">
    <skipped/>
  </testcase> <!-- tpa -->
  <testcase classname="automation.Entities.TPAEntity" name="tpa" time="0.0">
    <skipped/>
  </testcase> <!-- tpa -->
  <testcase classname="automation.Entities.TPAEntity" name="tpa" time="0.0">
    <skipped/>
  </testcase> <!-- tpa -->
  <testcase classname="automation.Entities.TPAEntity" name="tpa" time="0.0">
    <skipped/>
  </testcase> <!-- tpa -->
  <testcase classname="automation.Entities.TPAEntity" name="tpa" time="0.0">
    <skipped/>
  </testcase> <!-- tpa -->
  <testcase classname="automation.Entities.TPAEntity" name="tpa" time="0.0">
    <skipped/>
  </testcase> <!-- tpa -->
  <testcase classname="automation.Entities.TPAEntity" name="tpa" time="0.0">
    <skipped/>
  </testcase> <!-- tpa -->
  <testcase classname="automation.Entities.TPAEntity" name="tpa" time="0.0">
    <skipped/>
  </testcase> <!-- tpa -->
  <testcase classname="automation.Entities.TPAEntity" name="tpa" time="0.0">
    <skipped/>
  </testcase> <!-- tpa -->
</testsuite> <!-- Add TPA Entity -->
